<?xml version="1.0" encoding="UTF-8"?>
<beans xmlns="http://www.springframework.org/schema/beans"
	xmlns:xsi="http://www.w3.org/2001/XMLSchema-instance"
	xsi:schemaLocation="
        http://www.springframework.org/schema/beans
        http://www.springframework.org/schema/beans/spring-beans.xsd">



	<bean id="placeOrderService" class="org.mockito.Mockito"
		factory-method="mock">
		<constructor-arg
			value="com.github.hippoom.food2go.application.PlaceOrderService" />
	</bean>

	<bean id="pendingOrderRepository" class="org.mockito.Mockito"
		factory-method="mock">
		<constructor-arg
			value="com.github.hippoom.food2go.domain.model.order.PendingOrderRepository" />
	</bean>

</beans>